<?xml version="1.0" encoding="UTF-8"?>
<testng-results skipped="0" failed="0" total="2" passed="2">
  <reporter-output>
  </reporter-output>
  <suite name="Default suite" duration-ms="47" started-at="2018-06-05T04:00:03Z" finished-at="2018-06-05T04:00:03Z">
    <groups>
    </groups>
    <test name="Default test" duration-ms="47" started-at="2018-06-05T04:00:03Z" finished-at="2018-06-05T04:00:03Z">
      <class name="test.Test_New">
        <test-method status="PASS" signature="bf()[pri:0, instance:test.Test_New@7c0e2abd]" name="bf" is-config="true" duration-ms="16" started-at="2018-06-05T09:30:03Z" finished-at="2018-06-05T09:30:03Z">
          <reporter-output>
          </reporter-output>
        </test-method> <!-- bf -->
        <test-method status="PASS" signature="Test()[pri:0, instance:test.Test_New@7c0e2abd]" name="Test" duration-ms="15" started-at="2018-06-05T09:30:03Z" finished-at="2018-06-05T09:30:03Z">
          <reporter-output>
          </reporter-output>
        </test-method> <!-- Test -->
        <test-method status="PASS" signature="f()[pri:0, instance:test.Test_New@7c0e2abd]" name="f" duration-ms="0" started-at="2018-06-05T09:30:03Z" finished-at="2018-06-05T09:30:03Z">
          <reporter-output>
          </reporter-output>
        </test-method> <!-- f -->
      </class> <!-- test.Test_New -->
    </test> <!-- Default test -->
  </suite> <!-- Default suite -->
</testng-results>
